[debug] [2024-10-09T23:54:36.464Z] ----------------------------------------------------------------------
[debug] [2024-10-09T23:54:36.467Z] Command:       C:\Program Files\nodejs\node.exe C:\Users\chris\AppData\Roaming\npm\node_modules\firebase-tools\lib\bin\firebase.js emulators:start --only functions
[debug] [2024-10-09T23:54:36.468Z] CLI Version:   13.18.0
[debug] [2024-10-09T23:54:36.468Z] Platform:      win32
[debug] [2024-10-09T23:54:36.468Z] Node Version:  v20.10.0
[debug] [2024-10-09T23:54:36.468Z] Time:          Wed Oct 09 2024 20:54:36 GMT-0300 (Horário Padrão de Brasília)
[debug] [2024-10-09T23:54:36.469Z] ----------------------------------------------------------------------
[debug] 
[debug] [2024-10-09T23:54:36.607Z] > command requires scopes: ["email","openid","https://www.googleapis.com/auth/cloudplatformprojects.readonly","https://www.googleapis.com/auth/firebase","https://www.googleapis.com/auth/cloud-platform"]
[debug] [2024-10-09T23:54:36.607Z] > authorizing via signed-in user (christiannabasbarreto@gmail.com)
[info] i  emulators: Starting emulators: functions {"metadata":{"emulator":{"name":"hub"},"message":"Starting emulators: functions"}}
[debug] [2024-10-09T23:54:36.617Z] [logging] Logging Emulator only supports listening on one address (127.0.0.1). Not listening on ::1
[warn] !  ui: Emulator UI unable to start on port 4000, starting on 4001 instead. {"metadata":{"emulator":{"name":"ui"},"message":"Emulator UI unable to start on port 4000, starting on 4001 instead."}}
[debug] [2024-10-09T23:54:36.618Z] assigned listening specs for emulators {"user":{"hub":[{"address":"127.0.0.1","family":"IPv4","port":4400},{"address":"::1","family":"IPv6","port":4400}],"logging":[{"address":"127.0.0.1","family":"IPv4","port":4500}],"ui":[{"address":"127.0.0.1","family":"IPv4","port":4001},{"address":"::1","family":"IPv6","port":4001}]},"metadata":{"message":"assigned listening specs for emulators"}}
[debug] [2024-10-09T23:54:36.626Z] [hub] writing locator at C:\Users\chris\AppData\Local\Temp\hub-totem-tour.json
[debug] [2024-10-09T23:54:36.652Z] [functions] Functions Emulator only supports listening on one address (127.0.0.1). Not listening on ::1
[debug] [2024-10-09T23:54:36.653Z] [eventarc] Eventarc Emulator only supports listening on one address (127.0.0.1). Not listening on ::1
[debug] [2024-10-09T23:54:36.653Z] [tasks] Cloud Tasks Emulator only supports listening on one address (127.0.0.1). Not listening on ::1
[debug] [2024-10-09T23:54:36.653Z] late-assigned ports for functions and eventarc emulators {"user":{"hub":[{"address":"127.0.0.1","family":"IPv4","port":4400},{"address":"::1","family":"IPv6","port":4400}],"logging":[{"address":"127.0.0.1","family":"IPv4","port":4500}],"ui":[{"address":"127.0.0.1","family":"IPv4","port":4001},{"address":"::1","family":"IPv6","port":4001}],"functions":[{"address":"127.0.0.1","family":"IPv4","port":5001}],"eventarc":[{"address":"127.0.0.1","family":"IPv4","port":9299}],"tasks":[{"address":"127.0.0.1","family":"IPv4","port":9499}]},"metadata":{"message":"late-assigned ports for functions and eventarc emulators"}}
[warn] !  functions: The following emulators are not running, calls to these services from the Functions emulator will affect production: auth, firestore, database, hosting, pubsub, storage, dataconnect {"metadata":{"emulator":{"name":"functions"},"message":"The following emulators are not running, calls to these services from the Functions emulator will affect production: \u001b[1mauth, firestore, database, hosting, pubsub, storage, dataconnect\u001b[22m"}}
[debug] [2024-10-09T23:54:36.658Z] defaultcredentials: writing to file C:\Users\chris\AppData\Roaming\firebase\christiannabasbarreto_gmail_com_application_default_credentials.json
[debug] [2024-10-09T23:54:36.662Z] Setting GAC to C:\Users\chris\AppData\Roaming\firebase\christiannabasbarreto_gmail_com_application_default_credentials.json {"metadata":{"emulator":{"name":"functions"},"message":"Setting GAC to C:\\Users\\chris\\AppData\\Roaming\\firebase\\christiannabasbarreto_gmail_com_application_default_credentials.json"}}
[debug] [2024-10-09T23:54:36.664Z] >>> [apiv2][query] GET https://firebase.googleapis.com/v1beta1/projects/totem-tour/adminSdkConfig [none]
[debug] [2024-10-09T23:54:37.506Z] <<< [apiv2][status] GET https://firebase.googleapis.com/v1beta1/projects/totem-tour/adminSdkConfig 200
[debug] [2024-10-09T23:54:37.507Z] <<< [apiv2][body] GET https://firebase.googleapis.com/v1beta1/projects/totem-tour/adminSdkConfig {"projectId":"totem-tour","storageBucket":"totem-tour.appspot.com","locationId":"southamerica-east1"}
[debug] [2024-10-09T23:54:37.541Z] Ignoring unsupported arg: auto_download {"metadata":{"emulator":{"name":"ui"},"message":"Ignoring unsupported arg: auto_download"}}
[debug] [2024-10-09T23:54:37.541Z] Ignoring unsupported arg: port {"metadata":{"emulator":{"name":"ui"},"message":"Ignoring unsupported arg: port"}}
[debug] [2024-10-09T23:54:37.542Z] Starting Emulator UI with command {"binary":"node","args":["C:\\Users\\chris\\.cache\\firebase\\emulators\\ui-v1.13.0\\server\\server.mjs"],"optionalArgs":[],"joinArgs":false,"shell":false} {"metadata":{"emulator":{"name":"ui"},"message":"Starting Emulator UI with command {\"binary\":\"node\",\"args\":[\"C:\\\\Users\\\\chris\\\\.cache\\\\firebase\\\\emulators\\\\ui-v1.13.0\\\\server\\\\server.mjs\"],\"optionalArgs\":[],\"joinArgs\":false,\"shell\":false}"}}
[info] i  ui: Emulator UI logging to ui-debug.log {"metadata":{"emulator":{"name":"ui"},"message":"Emulator UI logging to \u001b[1mui-debug.log\u001b[22m"}}
[debug] [2024-10-09T23:54:37.715Z] Web / API server started at 127.0.0.1:4001
 {"metadata":{"emulator":{"name":"ui"},"message":"Web / API server started at 127.0.0.1:4001\n"}}
[debug] [2024-10-09T23:54:37.716Z] Web / API server started at ::1:4001
 {"metadata":{"emulator":{"name":"ui"},"message":"Web / API server started at ::1:4001\n"}}
[info] i  functions: Watching "C:\Users\chris\projects\resourses\totem-tour\functions" for Cloud Functions... {"metadata":{"emulator":{"name":"functions"},"message":"Watching \"C:\\Users\\chris\\projects\\resourses\\totem-tour\\functions\" for Cloud Functions..."}}
[debug] [2024-10-09T23:54:37.797Z] Validating nodejs source
[warn] !  functions: package.json indicates an outdated version of firebase-functions. Please upgrade using npm install --save firebase-functions@latest in your functions directory. 
[warn] !  functions: Please note that there will be breaking changes when you upgrade. 
[debug] [2024-10-09T23:54:39.097Z] > [functions] package.json contents: {
  "name": "functions",
  "scripts": {
    "lint": "eslint --ext .js,.ts .",
    "build": "tsc",
    "build:watch": "tsc --watch",
    "serve": "npm run build && firebase emulators:start --only functions",
    "shell": "npm run build && firebase functions:shell",
    "start": "npm run shell",
    "deploy": "firebase deploy --only functions",
    "logs": "firebase functions:log"
  },
  "engines": {
    "node": "18"
  },
  "main": "lib/index.js",
  "dependencies": {
    "@types/mercadopago": "^1.5.11",
    "axios": "^1.7.7",
    "dayjs": "^1.11.13",
    "dotenv": "^16.4.5",
    "firebase": "^10.14.0",
    "firebase-admin": "^12.1.0",
    "firebase-functions": "^5.0.0",
    "mercadopago": "https://github.com/ChristianBarreto/sdk-nodejs/tarball/dist"
  },
  "devDependencies": {
    "@typescript-eslint/eslint-plugin": "^5.12.0",
    "@typescript-eslint/parser": "^5.12.0",
    "eslint": "^8.9.0",
    "eslint-config-google": "^0.14.0",
    "eslint-plugin-import": "^2.25.4",
    "firebase-functions-test": "^3.1.0",
    "typescript": "^4.9.0"
  },
  "private": true
}
[debug] [2024-10-09T23:54:39.098Z] Building nodejs source
[debug] [2024-10-09T23:54:39.098Z] Failed to find version of module node: reached end of search path C:\Users\chris\projects\resourses\totem-tour\functions\node_modules
[warn] !  functions: Your requested "node" version "18" doesn't match your global version "20". Using node@20 from host. 
[info] i  functions: Loaded environment variables from .env. 
[debug] [2024-10-09T23:54:39.104Z] Could not find functions.yaml. Must use http discovery
[debug] [2024-10-09T23:54:39.114Z] Found firebase-functions binary at 'C:\Users\chris\projects\resourses\totem-tour\functions\node_modules\.bin\firebase-functions'
[info] Serving at port 8302

[info] PRODUCTION false

[info] MP-KEY APP_USR-7929673059949664-092912-8cc8117fbbada4c5c321e1d7378d1098-91680625

[debug] [2024-10-09T23:54:39.774Z] Got response from /__/functions.yaml {"endpoints":{"totem":{"availableMemoryMb":null,"timeoutSeconds":null,"minInstances":null,"maxInstances":null,"ingressSettings":null,"concurrency":null,"serviceAccountEmail":null,"vpc":null,"platform":"gcfv2","labels":{},"httpsTrigger":{},"entryPoint":"totem"}},"specVersion":"v1alpha1","requiredAPIs":[],"extensions":{}}
